<?xml version="1.0" encoding="UTF-8"?>
<testsuite xmlns:xsi="http://www.w3.org/2001/XMLSchema-instance" xsi:noNamespaceSchemaLocation="https://maven.apache.org/surefire/maven-surefire-plugin/xsd/surefire-test-report.xsd" name="com.birdnest.application.MonitorTests" time="2.86" tests="7" errors="0" skipped="0" failures="0">
  <properties>
[...]
</properties>
  <testcase name="AddNewViolator_WhenGetPilot_AddPilot" classname="com.birdnest.application.MonitorTests" time="0.493"/>
  <testcase name="UpdateViolator_WhenViolatorSeenAgain_UpdateTimeAndDistance" classname="com.birdnest.application.MonitorTests" time="0.007"/>
  <testcase name="RemoveExpired_WhenTimeIsOverTen_RemoveViolator" classname="com.birdnest.application.MonitorTests" time="0.002"/>
  <testcase name="UpdateViolator_WhenViolatorSeenAgain_UpdateTime" classname="com.birdnest.application.MonitorTests" time="0.003"/>
  <testcase name="CalculateDistance_WhenDistanceZero_hundred" classname="com.birdnest.application.MonitorTests" time="0.002"/>
  <testcase name="CalculateDistance_WhenDistanceZero_Zero" classname="com.birdnest.application.MonitorTests" time="0.002"/>
  <testcase name="AddNewViolator_WhenCannotGetPilot_SetPilotNotAvailable" classname="com.birdnest.application.MonitorTests" time="0.002"/>
</testsuite>